<?xml version="1.0" encoding="UTF-8"?>
<!-- Generated by org.testng.reporters.JUnitXMLReporter -->
<testsuite ignored="0" hostname="CPR02071L" failures="0" tests="3" name="Account Page test" time="8.096" errors="0" timestamp="2025-04-29T14:40:20 EDT">
  <testcase classname="com.qa.opencart.tests.AccountPageTest" name="acctPageHeadersTest" time="0.093"/>
  <testcase classname="com.qa.opencart.tests.AccountPageTest" name="acctPageTittleTest" time="0.011"/>
  <testcase classname="com.qa.opencart.tests.AccountPageTest" name="acctPageTittleURL" time="0.011"/>
</testsuite> <!-- Account Page test -->
