<?xml version="1.0" encoding="UTF-8"?>
<!-- Generated by org.testng.reporters.JUnitXMLReporter -->
<testsuite ignored="0" hostname="CPR02071L" failures="0" tests="6" name="Login Page Test" time="13.123" errors="0" timestamp="2025-05-01T14:46:57 EDT">
  <testcase classname="com.qa.opencart.tests.LoginPageTest" name="continuebuttonExistTest" time="0.444"/>
  <testcase classname="com.qa.opencart.tests.LoginPageTest" name="forgottenPasswordExistTest" time="0.349"/>
  <testcase classname="com.qa.opencart.tests.LoginPageTest" name="loginPageTitleTest" time="0.034"/>
  <testcase classname="com.qa.opencart.tests.LoginPageTest" name="loginPageURLTest" time="0.014"/>
  <testcase classname="com.qa.opencart.tests.LoginPageTest" name="rightMenuListItemTest" time="0.233"/>
  <testcase classname="com.qa.opencart.tests.LoginPageTest" name="loginPageSuccefullTest" time="2.99"/>
</testsuite> <!-- Login Page Test -->
