<?xml version="1.0" encoding="UTF-8"?>
<!-- Generated by org.testng.reporters.JUnitXMLReporter -->
<testsuite ignored="0" hostname="CPR02071L" failures="0" tests="17" name="ProductInfoPageTest" time="89.871" errors="0" timestamp="2025-05-01T09:41:58 EDT">
  <testcase classname="com.qa.opencart.tests.ProductInfoPageTest" name="productInfoURLTest" time="3.768"/>
  <testcase classname="com.qa.opencart.tests.ProductInfoPageTest" name="productInfoURLTest" time="3.44"/>
  <testcase classname="com.qa.opencart.tests.ProductInfoPageTest" name="productInfoURLTest" time="6.034"/>
  <testcase classname="com.qa.opencart.tests.ProductInfoPageTest" name="getProductFullDeatilsTest" time="3.579"/>
  <testcase classname="com.qa.opencart.tests.ProductInfoPageTest" name="productInfoHeaderTest" time="2.619"/>
  <testcase classname="com.qa.opencart.tests.ProductInfoPageTest" name="productInfoHeaderTest" time="2.735"/>
  <testcase classname="com.qa.opencart.tests.ProductInfoPageTest" name="productInfoHeaderTest" time="4.206"/>
  <testcase classname="com.qa.opencart.tests.ProductInfoPageTest" name="productInfoImageTest" time="2.694"/>
  <testcase classname="com.qa.opencart.tests.ProductInfoPageTest" name="productInfoImageTest" time="2.457"/>
  <testcase classname="com.qa.opencart.tests.ProductInfoPageTest" name="productInfoImageTest" time="3.093"/>
  <testcase classname="com.qa.opencart.tests.ProductInfoPageTest" name="productnfoTitleTest" time="3.516"/>
  <testcase classname="com.qa.opencart.tests.ProductInfoPageTest" name="productnfoTitleTest" time="2.6"/>
  <testcase classname="com.qa.opencart.tests.ProductInfoPageTest" name="productnfoTitleTest" time="2.552"/>
  <testcase classname="com.qa.opencart.tests.ProductInfoPageTest" name="cartButtonDetailsItemTest" time="7.908"/>
  <testcase classname="com.qa.opencart.tests.ProductInfoPageTest" name="cartButtonDetailsItemTest" time="6.84"/>
  <testcase classname="com.qa.opencart.tests.ProductInfoPageTest" name="cartButtonDetailsItemTest" time="10.237"/>
  <testcase classname="com.qa.opencart.tests.ProductInfoPageTest" name="cartButtonDetailsMultipleItemTest" time="12.684"/>
</testsuite> <!-- ProductInfoPageTest -->
