<?xml version="1.0" encoding="UTF-8"?>
<!-- Generated by org.testng.reporters.JUnitXMLReporter -->
<testsuite ignored="0" hostname="CPR02071L" failures="0" tests="3" name="Register Page test" time="20.675" errors="0" timestamp="2025-04-29T14:40:33 EDT">
  <testcase classname="com.qa.opencart.tests.RegisterPageTest" name="emailFieldValidationTestForATCharcter" time="4.175"/>
  <testcase classname="com.qa.opencart.tests.RegisterPageTest" name="emailFieldValidationTestForDotCOM" time="4.581"/>
  <testcase classname="com.qa.opencart.tests.RegisterPageTest" name="userRegistrationTest" time="5.637"/>
</testsuite> <!-- Register Page test -->
