<?xml version="1.0" encoding="UTF-8"?>
<!-- Generated by org.testng.reporters.JUnitXMLReporter -->
<testsuite ignored="0" hostname="CPR02071L" failures="0" tests="3" name="SearchTest.java" time="8.374" errors="0" timestamp="2025-04-29T14:40:29 EDT">
  <testcase classname="com.qa.opencart.tests.SearchTest" name="searchProductCountTest" time="1.544"/>
  <testcase classname="com.qa.opencart.tests.SearchTest" name="searchPageTitleTest" time="0.015"/>
  <testcase classname="com.qa.opencart.tests.SearchTest" name="searchPageURLTest" time="0.013"/>
</testsuite> <!-- SearchTest.java -->
