<?xml version="1.0" encoding="UTF-8"?>
<!-- Generated by org.testng.reporters.JUnitXMLReporter -->
<testsuite ignored="0" hostname="CPR02071L" failures="0" tests="6" name="Default test" time="44.01" errors="0" timestamp="2025-05-01T14:30:37 EDT">
  <testcase classname="com.qa.opencart.tests.LoginPageTest" name="continuebuttonExistTest" time="0.455"/>
  <testcase classname="com.qa.opencart.tests.LoginPageTest" name="forgottenPasswordExistTest" time="0.397"/>
  <testcase classname="com.qa.opencart.tests.LoginPageTest" name="loginPageTitleTest" time="0.019"/>
  <testcase classname="com.qa.opencart.tests.LoginPageTest" name="loginPageURLTest" time="0.014"/>
  <testcase classname="com.qa.opencart.tests.LoginPageTest" name="rightMenuListItemTest" time="0.225"/>
  <testcase classname="com.qa.opencart.tests.LoginPageTest" name="loginPageSuccefullTest" time="3.115"/>
</testsuite> <!-- Default test -->
