<?xml version="1.0" encoding="UTF-8"?>
<!-- Generated by org.testng.reporters.JUnitXMLReporter -->
<testsuite ignored="0" hostname="CPR02071L" failures="0" tests="6" name="Login Page Test" time="6.998" errors="0" timestamp="2025-05-05T00:40:24 EDT">
  <testcase classname="com.qa.opencart.tests.LoginPageTest" name="continuebuttonExistTest" time="0.088"/>
  <testcase classname="com.qa.opencart.tests.LoginPageTest" name="forgottenPasswordExistTest" time="0.037"/>
  <testcase classname="com.qa.opencart.tests.LoginPageTest" name="loginPageTitleTest" time="0.024"/>
  <testcase classname="com.qa.opencart.tests.LoginPageTest" name="loginPageURLTest" time="0.015"/>
  <testcase classname="com.qa.opencart.tests.LoginPageTest" name="rightMenuListItemTest" time="0.277"/>
  <testcase classname="com.qa.opencart.tests.LoginPageTest" name="loginPageSuccefullTest" time="0.908"/>
</testsuite> <!-- Login Page Test -->
