<?xml version="1.0" encoding="UTF-8"?>
<!-- Generated by org.testng.reporters.JUnitXMLReporter -->
<testsuite ignored="0" hostname="CPR02071L" failures="0" tests="6" name="Login Page Test" time="9.305" errors="0" timestamp="2025-05-01T16:26:54 EDT">
  <testcase classname="com.qa.opencart.tests.LoginPageTest" name="continuebuttonExistTest" time="0.137"/>
  <testcase classname="com.qa.opencart.tests.LoginPageTest" name="forgottenPasswordExistTest" time="0.041"/>
  <testcase classname="com.qa.opencart.tests.LoginPageTest" name="loginPageTitleTest" time="0.024"/>
  <testcase classname="com.qa.opencart.tests.LoginPageTest" name="loginPageURLTest" time="0.017"/>
  <testcase classname="com.qa.opencart.tests.LoginPageTest" name="rightMenuListItemTest" time="0.559"/>
  <testcase classname="com.qa.opencart.tests.LoginPageTest" name="loginPageSuccefullTest" time="1.63"/>
</testsuite> <!-- Login Page Test -->
