<?xml version="1.0" encoding="UTF-8"?>
<testsuite xmlns:xsi="http://www.w3.org/2001/XMLSchema-instance" xsi:noNamespaceSchemaLocation="https://maven.apache.org/surefire/maven-surefire-plugin/xsd/surefire-test-report.xsd" name="TestSuite" time="11.125" tests="6" errors="0" skipped="0" failures="0">
  <properties>
[...]
</properties>
  <testcase name="continuebuttonExistTest" classname="com.qa.opencart.tests.LoginPageTest" time="0.215"/>
  <testcase name="forgottenPasswordExistTest" classname="com.qa.opencart.tests.LoginPageTest" time="0.043"/>
  <testcase name="loginPageTitleTest" classname="com.qa.opencart.tests.LoginPageTest" time="0.025"/>
  <testcase name="loginPageURLTest" classname="com.qa.opencart.tests.LoginPageTest" time="0.018"/>
  <testcase name="rightMenuListItemTest" classname="com.qa.opencart.tests.LoginPageTest" time="0.573"/>
  <testcase name="loginPageSuccefullTest" classname="com.qa.opencart.tests.LoginPageTest" time="1.632"/>
</testsuite>